<?xml version="1.0" encoding="UTF-8"?>
<coverage generated="1708661094309" clover="3.2.0">
    <project timestamp="1708661094309" name="All files">
        <metrics statements="29" coveredstatements="5" conditionals="8" coveredconditionals="0" methods="22"
                 coveredmethods="3" elements="59" coveredelements="8" complexity="0" loc="29" ncloc="29" packages="1"
                 files="1" classes="1"/>
        <file name="index.js" path="C:\Projects\java\reactive\webzy\www\agile\src\store\index.js">
            <metrics statements="29" coveredstatements="5" conditionals="8" coveredconditionals="0" methods="22"
                     coveredmethods="3"/>
            <line num="3" count="1" type="stmt"/>
            <line num="4" count="1" type="stmt"/>
            <line num="18" count="1" type="stmt"/>
            <line num="29" count="1" type="stmt"/>
            <line num="31" count="0" type="cond" truecount="0" falsecount="2"/>
            <line num="32" count="0" type="stmt"/>
            <line num="33" count="0" type="cond" truecount="0" falsecount="2"/>
            <line num="34" count="0" type="stmt"/>
            <line num="37" count="0" type="cond" truecount="0" falsecount="2"/>
            <line num="40" count="1" type="stmt"/>
            <line num="43" count="0" type="stmt"/>
            <line num="44" count="0" type="stmt"/>
            <line num="46" count="0" type="stmt"/>
            <line num="47" count="0" type="stmt"/>
            <line num="49" count="0" type="stmt"/>
            <line num="50" count="0" type="stmt"/>
            <line num="52" count="0" type="stmt"/>
            <line num="53" count="0" type="stmt"/>
            <line num="55" count="0" type="stmt"/>
            <line num="56" count="0" type="stmt"/>
            <line num="58" count="0" type="stmt"/>
            <line num="59" count="0" type="stmt"/>
            <line num="61" count="0" type="stmt"/>
            <line num="62" count="0" type="stmt"/>
            <line num="64" count="0" type="stmt"/>
            <line num="65" count="0" type="stmt"/>
            <line num="67" count="0" type="cond" truecount="0" falsecount="2"/>
            <line num="68" count="0" type="stmt"/>
            <line num="70" count="0" type="stmt"/>
        </file>
    </project>
</coverage>
