{
  "C:\\Projects\\java\\reactive\\webzy\\www\\agile\\src\\store\\index.js": {
    "path": "C:\\Projects\\java\\reactive\\webzy\\www\\agile\\src\\store\\index.js",
    "statementMap": {
      "0": {
        "start": {
          "line": 3,
          "column": 28
        },
        "end": {
          "line": 16,
          "column": 1
        }
      },
      "1": {
        "start": {
          "line": 4,
          "column": 4
        },
        "end": {
          "line": 15,
          "column": 7
        }
      },
      "2": {
        "start": {
          "line": 18,
          "column": 29
        },
        "end": {
          "line": 27,
          "column": 2
        }
      },
      "3": {
        "start": {
          "line": 18,
          "column": 36
        },
        "end": {
          "line": 27,
          "column": 1
        }
      },
      "4": {
        "start": {
          "line": 29,
          "column": 25
        },
        "end": {
          "line": 38,
          "column": 1
        }
      },
      "5": {
        "start": {
          "line": 31,
          "column": 4
        },
        "end": {
          "line": 36,
          "column": 5
        }
      },
      "6": {
        "start": {
          "line": 32,
          "column": 8
        },
        "end": {
          "line": 32,
          "column": 52
        }
      },
      "7": {
        "start": {
          "line": 33,
          "column": 8
        },
        "end": {
          "line": 35,
          "column": 9
        }
      },
      "8": {
        "start": {
          "line": 34,
          "column": 12
        },
        "end": {
          "line": 34,
          "column": 58
        }
      },
      "9": {
        "start": {
          "line": 37,
          "column": 4
        },
        "end": {
          "line": 37,
          "column": 95
        }
      },
      "10": {
        "start": {
          "line": 40,
          "column": 21
        },
        "end": {
          "line": 74,
          "column": 3
        }
      },
      "11": {
        "start": {
          "line": 40,
          "column": 43
        },
        "end": {
          "line": 74,
          "column": 1
        }
      },
      "12": {
        "start": {
          "line": 43,
          "column": 30
        },
        "end": {
          "line": 45,
          "column": 6
        }
      },
      "13": {
        "start": {
          "line": 44,
          "column": 8
        },
        "end": {
          "line": 44,
          "column": 93
        }
      },
      "14": {
        "start": {
          "line": 46,
          "column": 29
        },
        "end": {
          "line": 48,
          "column": 6
        }
      },
      "15": {
        "start": {
          "line": 47,
          "column": 8
        },
        "end": {
          "line": 47,
          "column": 67
        }
      },
      "16": {
        "start": {
          "line": 49,
          "column": 30
        },
        "end": {
          "line": 51,
          "column": 6
        }
      },
      "17": {
        "start": {
          "line": 50,
          "column": 8
        },
        "end": {
          "line": 50,
          "column": 68
        }
      },
      "18": {
        "start": {
          "line": 52,
          "column": 80
        },
        "end": {
          "line": 54,
          "column": 6
        }
      },
      "19": {
        "start": {
          "line": 53,
          "column": 8
        },
        "end": {
          "line": 53,
          "column": 89
        }
      },
      "20": {
        "start": {
          "line": 55,
          "column": 42
        },
        "end": {
          "line": 57,
          "column": 5
        }
      },
      "21": {
        "start": {
          "line": 56,
          "column": 8
        },
        "end": {
          "line": 56,
          "column": 97
        }
      },
      "22": {
        "start": {
          "line": 56,
          "column": 66
        },
        "end": {
          "line": 56,
          "column": 93
        }
      },
      "23": {
        "start": {
          "line": 58,
          "column": 43
        },
        "end": {
          "line": 60,
          "column": 6
        }
      },
      "24": {
        "start": {
          "line": 59,
          "column": 8
        },
        "end": {
          "line": 59,
          "column": 37
        }
      },
      "25": {
        "start": {
          "line": 61,
          "column": 58
        },
        "end": {
          "line": 63,
          "column": 6
        }
      },
      "26": {
        "start": {
          "line": 62,
          "column": 8
        },
        "end": {
          "line": 62,
          "column": 85
        }
      },
      "27": {
        "start": {
          "line": 64,
          "column": 45
        },
        "end": {
          "line": 73,
          "column": 6
        }
      },
      "28": {
        "start": {
          "line": 65,
          "column": 8
        },
        "end": {
          "line": 72,
          "column": 10
        }
      },
      "29": {
        "start": {
          "line": 67,
          "column": 16
        },
        "end": {
          "line": 69,
          "column": 17
        }
      },
      "30": {
        "start": {
          "line": 68,
          "column": 20
        },
        "end": {
          "line": 68,
          "column": 47
        }
      },
      "31": {
        "start": {
          "line": 70,
          "column": 16
        },
        "end": {
          "line": 70,
          "column": 25
        }
      }
    },
    "fnMap": {
      "0": {
        "name": "(anonymous_0)",
        "decl": {
          "start": {
            "line": 3,
            "column": 28
          },
          "end": {
            "line": 3,
            "column": 29
          }
        },
        "loc": {
          "start": {
            "line": 3,
            "column": 34
          },
          "end": {
            "line": 16,
            "column": 1
          }
        },
        "line": 3
      },
      "1": {
        "name": "(anonymous_1)",
        "decl": {
          "start": {
            "line": 18,
            "column": 29
          },
          "end": {
            "line": 18,
            "column": 30
          }
        },
        "loc": {
          "start": {
            "line": 18,
            "column": 36
          },
          "end": {
            "line": 27,
            "column": 1
          }
        },
        "line": 18
      },
      "2": {
        "name": "(anonymous_2)",
        "decl": {
          "start": {
            "line": 29,
            "column": 25
          },
          "end": {
            "line": 29,
            "column": 26
          }
        },
        "loc": {
          "start": {
            "line": 29,
            "column": 31
          },
          "end": {
            "line": 38,
            "column": 1
          }
        },
        "line": 29
      },
      "3": {
        "name": "(anonymous_3)",
        "decl": {
          "start": {
            "line": 40,
            "column": 33
          },
          "end": {
            "line": 40,
            "column": 34
          }
        },
        "loc": {
          "start": {
            "line": 40,
            "column": 43
          },
          "end": {
            "line": 74,
            "column": 1
          }
        },
        "line": 40
      },
      "4": {
        "name": "(anonymous_4)",
        "decl": {
          "start": {
            "line": 43,
            "column": 17
          },
          "end": {
            "line": 43,
            "column": 18
          }
        },
        "loc": {
          "start": {
            "line": 43,
            "column": 30
          },
          "end": {
            "line": 45,
            "column": 6
          }
        },
        "line": 43
      },
      "5": {
        "name": "(anonymous_5)",
        "decl": {
          "start": {
            "line": 43,
            "column": 34
          },
          "end": {
            "line": 43,
            "column": 35
          }
        },
        "loc": {
          "start": {
            "line": 43,
            "column": 45
          },
          "end": {
            "line": 45,
            "column": 5
          }
        },
        "line": 43
      },
      "6": {
        "name": "(anonymous_6)",
        "decl": {
          "start": {
            "line": 46,
            "column": 16
          },
          "end": {
            "line": 46,
            "column": 17
          }
        },
        "loc": {
          "start": {
            "line": 46,
            "column": 29
          },
          "end": {
            "line": 48,
            "column": 6
          }
        },
        "line": 46
      },
      "7": {
        "name": "(anonymous_7)",
        "decl": {
          "start": {
            "line": 46,
            "column": 33
          },
          "end": {
            "line": 46,
            "column": 34
          }
        },
        "loc": {
          "start": {
            "line": 46,
            "column": 44
          },
          "end": {
            "line": 48,
            "column": 5
          }
        },
        "line": 46
      },
      "8": {
        "name": "(anonymous_8)",
        "decl": {
          "start": {
            "line": 49,
            "column": 16
          },
          "end": {
            "line": 49,
            "column": 17
          }
        },
        "loc": {
          "start": {
            "line": 49,
            "column": 30
          },
          "end": {
            "line": 51,
            "column": 6
          }
        },
        "line": 49
      },
      "9": {
        "name": "(anonymous_9)",
        "decl": {
          "start": {
            "line": 49,
            "column": 34
          },
          "end": {
            "line": 49,
            "column": 35
          }
        },
        "loc": {
          "start": {
            "line": 49,
            "column": 45
          },
          "end": {
            "line": 51,
            "column": 5
          }
        },
        "line": 49
      },
      "10": {
        "name": "(anonymous_10)",
        "decl": {
          "start": {
            "line": 52,
            "column": 15
          },
          "end": {
            "line": 52,
            "column": 16
          }
        },
        "loc": {
          "start": {
            "line": 52,
            "column": 80
          },
          "end": {
            "line": 54,
            "column": 6
          }
        },
        "line": 52
      },
      "11": {
        "name": "(anonymous_11)",
        "decl": {
          "start": {
            "line": 52,
            "column": 84
          },
          "end": {
            "line": 52,
            "column": 85
          }
        },
        "loc": {
          "start": {
            "line": 52,
            "column": 95
          },
          "end": {
            "line": 54,
            "column": 5
          }
        },
        "line": 52
      },
      "12": {
        "name": "(anonymous_12)",
        "decl": {
          "start": {
            "line": 55,
            "column": 16
          },
          "end": {
            "line": 55,
            "column": 17
          }
        },
        "loc": {
          "start": {
            "line": 55,
            "column": 42
          },
          "end": {
            "line": 57,
            "column": 5
          }
        },
        "line": 55
      },
      "13": {
        "name": "(anonymous_13)",
        "decl": {
          "start": {
            "line": 55,
            "column": 42
          },
          "end": {
            "line": 55,
            "column": 43
          }
        },
        "loc": {
          "start": {
            "line": 55,
            "column": 53
          },
          "end": {
            "line": 57,
            "column": 5
          }
        },
        "line": 55
      },
      "14": {
        "name": "(anonymous_14)",
        "decl": {
          "start": {
            "line": 56,
            "column": 61
          },
          "end": {
            "line": 56,
            "column": 62
          }
        },
        "loc": {
          "start": {
            "line": 56,
            "column": 66
          },
          "end": {
            "line": 56,
            "column": 93
          }
        },
        "line": 56
      },
      "15": {
        "name": "(anonymous_15)",
        "decl": {
          "start": {
            "line": 58,
            "column": 20
          },
          "end": {
            "line": 58,
            "column": 21
          }
        },
        "loc": {
          "start": {
            "line": 58,
            "column": 43
          },
          "end": {
            "line": 60,
            "column": 6
          }
        },
        "line": 58
      },
      "16": {
        "name": "(anonymous_16)",
        "decl": {
          "start": {
            "line": 58,
            "column": 47
          },
          "end": {
            "line": 58,
            "column": 48
          }
        },
        "loc": {
          "start": {
            "line": 58,
            "column": 58
          },
          "end": {
            "line": 60,
            "column": 5
          }
        },
        "line": 58
      },
      "17": {
        "name": "(anonymous_17)",
        "decl": {
          "start": {
            "line": 61,
            "column": 16
          },
          "end": {
            "line": 61,
            "column": 17
          }
        },
        "loc": {
          "start": {
            "line": 61,
            "column": 58
          },
          "end": {
            "line": 63,
            "column": 6
          }
        },
        "line": 61
      },
      "18": {
        "name": "(anonymous_18)",
        "decl": {
          "start": {
            "line": 61,
            "column": 62
          },
          "end": {
            "line": 61,
            "column": 63
          }
        },
        "loc": {
          "start": {
            "line": 61,
            "column": 73
          },
          "end": {
            "line": 63,
            "column": 5
          }
        },
        "line": 61
      },
      "19": {
        "name": "(anonymous_19)",
        "decl": {
          "start": {
            "line": 64,
            "column": 16
          },
          "end": {
            "line": 64,
            "column": 17
          }
        },
        "loc": {
          "start": {
            "line": 64,
            "column": 45
          },
          "end": {
            "line": 73,
            "column": 6
          }
        },
        "line": 64
      },
      "20": {
        "name": "(anonymous_20)",
        "decl": {
          "start": {
            "line": 64,
            "column": 49
          },
          "end": {
            "line": 64,
            "column": 50
          }
        },
        "loc": {
          "start": {
            "line": 64,
            "column": 60
          },
          "end": {
            "line": 73,
            "column": 5
          }
        },
        "line": 64
      },
      "21": {
        "name": "(anonymous_21)",
        "decl": {
          "start": {
            "line": 66,
            "column": 51
          },
          "end": {
            "line": 66,
            "column": 52
          }
        },
        "loc": {
          "start": {
            "line": 66,
            "column": 56
          },
          "end": {
            "line": 71,
            "column": 13
          }
        },
        "line": 66
      }
    },
    "branchMap": {
      "0": {
        "loc": {
          "start": {
            "line": 31,
            "column": 4
          },
          "end": {
            "line": 36,
            "column": 5
          }
        },
        "type": "if",
        "locations": [
          {
            "start": {
              "line": 31,
              "column": 4
            },
            "end": {
              "line": 36,
              "column": 5
            }
          },
          {
            "start": {},
            "end": {}
          }
        ],
        "line": 31
      },
      "1": {
        "loc": {
          "start": {
            "line": 33,
            "column": 8
          },
          "end": {
            "line": 35,
            "column": 9
          }
        },
        "type": "if",
        "locations": [
          {
            "start": {
              "line": 33,
              "column": 8
            },
            "end": {
              "line": 35,
              "column": 9
            }
          },
          {
            "start": {},
            "end": {}
          }
        ],
        "line": 33
      },
      "2": {
        "loc": {
          "start": {
            "line": 37,
            "column": 11
          },
          "end": {
            "line": 37,
            "column": 95
          }
        },
        "type": "cond-expr",
        "locations": [
          {
            "start": {
              "line": 37,
              "column": 21
            },
            "end": {
              "line": 37,
              "column": 40
            }
          },
          {
            "start": {
              "line": 37,
              "column": 44
            },
            "end": {
              "line": 37,
              "column": 94
            }
          }
        ],
        "line": 37
      },
      "3": {
        "loc": {
          "start": {
            "line": 67,
            "column": 16
          },
          "end": {
            "line": 69,
            "column": 17
          }
        },
        "type": "if",
        "locations": [
          {
            "start": {
              "line": 67,
              "column": 16
            },
            "end": {
              "line": 69,
              "column": 17
            }
          },
          {
            "start": {},
            "end": {}
          }
        ],
        "line": 67
      }
    },
    "s": {
      "0": 1,
      "1": 1,
      "2": 1,
      "3": 1,
      "4": 1,
      "5": 0,
      "6": 0,
      "7": 0,
      "8": 0,
      "9": 0,
      "10": 1,
      "11": 1,
      "12": 0,
      "13": 0,
      "14": 0,
      "15": 0,
      "16": 0,
      "17": 0,
      "18": 0,
      "19": 0,
      "20": 0,
      "21": 0,
      "22": 0,
      "23": 0,
      "24": 0,
      "25": 0,
      "26": 0,
      "27": 0,
      "28": 0,
      "29": 0,
      "30": 0,
      "31": 0
    },
    "f": {
      "0": 1,
      "1": 1,
      "2": 0,
      "3": 1,
      "4": 0,
      "5": 0,
      "6": 0,
      "7": 0,
      "8": 0,
      "9": 0,
      "10": 0,
      "11": 0,
      "12": 0,
      "13": 0,
      "14": 0,
      "15": 0,
      "16": 0,
      "17": 0,
      "18": 0,
      "19": 0,
      "20": 0,
      "21": 0
    },
    "b": {
      "0": [
        0,
        0
      ],
      "1": [
        0,
        0
      ],
      "2": [
        0,
        0
      ],
      "3": [
        0,
        0
      ]
    },
    "_coverageSchema": "1a1c01bbd47fc00a2c39e90264f33305004495a9",
    "hash": "d298e7000c54d2ce034bf209e3f4717740168dcc"
  }
}
